<?xml version="1.0" encoding="utf-8"?>
<coverage line-rate="0.8506" branch-rate="0.708" version="1.9" timestamp="1770359178" lines-covered="188" lines-valid="221" branches-covered="97" branches-valid="137">
  <sources>
    <source>/home/runner/work/cs2mermaid/cs2mermaid/src/Cs2Mermaid.Core/</source>
  </sources>
  <packages>
    <package name="Cs2Mermaid.Core" line-rate="0.8506" branch-rate="0.708" complexity="154">
      <classes>
        <class name="Cs2Mermaid.Core.Extractor" filename="Extractor.cs" line-rate="0.887" branch-rate="0.7142000000000001" complexity="56">
          <methods>
            <method name="AccessRank" signature="(System.String)" line-rate="0.625" branch-rate="0.375" complexity="8">
              <lines>
                <line number="105" hits="12" branch="True" condition-coverage="37.5% (3/8)">
                  <conditions>
                    <condition number="22" type="jump" coverage="100%" />
                    <condition number="35" type="jump" coverage="50%" />
                    <condition number="48" type="jump" coverage="0%" />
                    <condition number="61" type="jump" coverage="0%" />
                  </conditions>
                </line>
                <line number="106" hits="12" branch="False" />
                <line number="107" hits="11" branch="False" />
                <line number="108" hits="1" branch="False" />
                <line number="109" hits="0" branch="False" />
                <line number="110" hits="0" branch="False" />
                <line number="111" hits="0" branch="False" />
                <line number="112" hits="12" branch="False" />
              </lines>
            </method>
            <method name="Rank" signature="(Microsoft.CodeAnalysis.Accessibility)" line-rate="0.625" branch-rate="0.375" complexity="8">
              <lines>
                <line number="114" hits="16" branch="True" condition-coverage="37.5% (3/8)">
                  <conditions>
                    <condition number="5" type="switch" coverage="37.5%" />
                  </conditions>
                </line>
                <line number="115" hits="16" branch="False" />
                <line number="116" hits="14" branch="False" />
                <line number="117" hits="2" branch="False" />
                <line number="118" hits="0" branch="False" />
                <line number="119" hits="0" branch="False" />
                <line number="120" hits="0" branch="False" />
                <line number="121" hits="16" branch="False" />
              </lines>
            </method>
            <method name="ToKind" signature="(Microsoft.CodeAnalysis.INamedTypeSymbol)" line-rate="0.909" branch-rate="0.8332999999999999" complexity="12">
              <lines>
                <line number="124" hits="15" branch="False" />
                <line number="125" hits="17" branch="True" condition-coverage="100% (2/2)">
                  <conditions>
                    <condition number="12" type="jump" coverage="100%" />
                  </conditions>
                </line>
                <line number="126" hits="14" branch="True" condition-coverage="75% (3/4)">
                  <conditions>
                    <condition number="30" type="jump" coverage="100%" />
                    <condition number="38" type="jump" coverage="50%" />
                  </conditions>
                </line>
                <line number="127" hits="13" branch="True" condition-coverage="100% (2/2)">
                  <conditions>
                    <condition number="55" type="jump" coverage="100%" />
                  </conditions>
                </line>
                <line number="128" hits="11" branch="True" condition-coverage="75% (3/4)">
                  <conditions>
                    <condition number="76" type="jump" coverage="50%" />
                    <condition number="83" type="jump" coverage="100%" />
                  </conditions>
                </line>
                <line number="129" hits="11" branch="False" />
                <line number="130" hits="1" branch="False" />
                <line number="131" hits="0" branch="False" />
                <line number="132" hits="10" branch="False" />
                <line number="133" hits="11" branch="False" />
                <line number="134" hits="15" branch="False" />
              </lines>
            </method>
            <method name="&lt;ExtractProjectAsync&gt;g__WalkNamespace|1_0" signature="(Microsoft.CodeAnalysis.INamespaceSymbol,Cs2Mermaid.Core.Extractor/&lt;&gt;c__DisplayClass1_0&amp;)" line-rate="1" branch-rate="1" complexity="4">
              <lines>
                <line number="52" hits="24" branch="False" />
                <line number="53" hits="120" branch="True" condition-coverage="100% (2/2)">
                  <conditions>
                    <condition number="42" type="jump" coverage="100%" />
                  </conditions>
                </line>
                <line number="54" hits="108" branch="True" condition-coverage="100% (2/2)">
                  <conditions>
                    <condition number="82" type="jump" coverage="100%" />
                  </conditions>
                </line>
                <line number="55" hits="24" branch="False" />
              </lines>
            </method>
            <method name="&lt;ExtractProjectAsync&gt;g__ProcessType|1_1" signature="(Microsoft.CodeAnalysis.INamedTypeSymbol,Cs2Mermaid.Core.Extractor/&lt;&gt;c__DisplayClass1_0&amp;)" line-rate="1" branch-rate="0.8332999999999999" complexity="24">
              <lines>
                <line number="58" hits="16" branch="False" />
                <line number="59" hits="16" branch="True" condition-coverage="100% (2/2)">
                  <conditions>
                    <condition number="9" type="jump" coverage="100%" />
                  </conditions>
                </line>
                <line number="60" hits="32" branch="True" condition-coverage="100% (2/2)">
                  <conditions>
                    <condition number="62" type="jump" coverage="100%" />
                  </conditions>
                </line>
                <line number="61" hits="17" branch="True" condition-coverage="100% (2/2)">
                  <conditions>
                    <condition number="92" type="jump" coverage="100%" />
                  </conditions>
                </line>
                <line number="63" hits="15" branch="False" />
                <line number="64" hits="15" branch="True" condition-coverage="50% (2/4)">
                  <conditions>
                    <condition number="113" type="jump" coverage="50%" />
                    <condition number="126" type="jump" coverage="50%" />
                  </conditions>
                </line>
                <line number="65" hits="15" branch="True" condition-coverage="50% (1/2)">
                  <conditions>
                    <condition number="142" type="jump" coverage="50%" />
                  </conditions>
                </line>
                <line number="66" hits="15" branch="False" />
                <line number="67" hits="15" branch="False" />
                <line number="68" hits="15" branch="False" />
                <line number="69" hits="15" branch="False" />
                <line number="70" hits="15" branch="False" />
                <line number="71" hits="15" branch="False" />
                <line number="72" hits="15" branch="False" />
                <line number="73" hits="15" branch="False" />
                <line number="74" hits="15" branch="False" />
                <line number="76" hits="15" branch="False" />
                <line number="79" hits="15" branch="True" condition-coverage="100% (4/4)">
                  <conditions>
                    <condition number="246" type="jump" coverage="100%" />
                    <condition number="268" type="jump" coverage="100%" />
                  </conditions>
                </line>
                <line number="80" hits="3" branch="False" />
                <line number="81" hits="3" branch="False" />
                <line number="82" hits="3" branch="True" condition-coverage="100% (2/2)">
                  <conditions>
                    <condition number="289" type="jump" coverage="100%" />
                  </conditions>
                </line>
                <line number="83" hits="3" branch="False" />
                <line number="84" hits="3" branch="False" />
                <line number="86" hits="57" branch="True" condition-coverage="100% (2/2)">
                  <conditions>
                    <condition number="392" type="jump" coverage="100%" />
                  </conditions>
                </line>
                <line number="87" hits="6" branch="False" />
                <line number="88" hits="6" branch="False" />
                <line number="89" hits="6" branch="True" condition-coverage="100% (2/2)">
                  <conditions>
                    <condition number="361" type="jump" coverage="100%" />
                  </conditions>
                </line>
                <line number="90" hits="6" branch="False" />
                <line number="91" hits="6" branch="False" />
                <line number="94" hits="45" branch="True" condition-coverage="50% (1/2)">
                  <conditions>
                    <condition number="439" type="jump" coverage="50%" />
                  </conditions>
                </line>
                <line number="95" hits="16" branch="False" />
              </lines>
            </method>
          </methods>
          <lines>
            <line number="105" hits="12" branch="True" condition-coverage="37.5% (3/8)">
              <conditions>
                <condition number="22" type="jump" coverage="100%" />
                <condition number="35" type="jump" coverage="50%" />
                <condition number="48" type="jump" coverage="0%" />
                <condition number="61" type="jump" coverage="0%" />
              </conditions>
            </line>
            <line number="106" hits="12" branch="False" />
            <line number="107" hits="11" branch="False" />
            <line number="108" hits="1" branch="False" />
            <line number="109" hits="0" branch="False" />
            <line number="110" hits="0" branch="False" />
            <line number="111" hits="0" branch="False" />
            <line number="112" hits="12" branch="False" />
            <line number="114" hits="16" branch="True" condition-coverage="37.5% (3/8)">
              <conditions>
                <condition number="5" type="switch" coverage="37.5%" />
              </conditions>
            </line>
            <line number="115" hits="16" branch="False" />
            <line number="116" hits="14" branch="False" />
            <line number="117" hits="2" branch="False" />
            <line number="118" hits="0" branch="False" />
            <line number="119" hits="0" branch="False" />
            <line number="120" hits="0" branch="False" />
            <line number="121" hits="16" branch="False" />
            <line number="124" hits="15" branch="False" />
            <line number="125" hits="17" branch="True" condition-coverage="100% (2/2)">
              <conditions>
                <condition number="12" type="jump" coverage="100%" />
              </conditions>
            </line>
            <line number="126" hits="14" branch="True" condition-coverage="75% (3/4)">
              <conditions>
                <condition number="30" type="jump" coverage="100%" />
                <condition number="38" type="jump" coverage="50%" />
              </conditions>
            </line>
            <line number="127" hits="13" branch="True" condition-coverage="100% (2/2)">
              <conditions>
                <condition number="55" type="jump" coverage="100%" />
              </conditions>
            </line>
            <line number="128" hits="11" branch="True" condition-coverage="75% (3/4)">
              <conditions>
                <condition number="76" type="jump" coverage="50%" />
                <condition number="83" type="jump" coverage="100%" />
              </conditions>
            </line>
            <line number="129" hits="11" branch="False" />
            <line number="130" hits="1" branch="False" />
            <line number="131" hits="0" branch="False" />
            <line number="132" hits="10" branch="False" />
            <line number="133" hits="11" branch="False" />
            <line number="134" hits="15" branch="False" />
            <line number="52" hits="24" branch="False" />
            <line number="53" hits="120" branch="True" condition-coverage="100% (2/2)">
              <conditions>
                <condition number="42" type="jump" coverage="100%" />
              </conditions>
            </line>
            <line number="54" hits="108" branch="True" condition-coverage="100% (2/2)">
              <conditions>
                <condition number="82" type="jump" coverage="100%" />
              </conditions>
            </line>
            <line number="55" hits="24" branch="False" />
            <line number="58" hits="16" branch="False" />
            <line number="59" hits="16" branch="True" condition-coverage="100% (2/2)">
              <conditions>
                <condition number="9" type="jump" coverage="100%" />
              </conditions>
            </line>
            <line number="60" hits="32" branch="True" condition-coverage="100% (2/2)">
              <conditions>
                <condition number="62" type="jump" coverage="100%" />
              </conditions>
            </line>
            <line number="61" hits="17" branch="True" condition-coverage="100% (2/2)">
              <conditions>
                <condition number="92" type="jump" coverage="100%" />
              </conditions>
            </line>
            <line number="63" hits="15" branch="False" />
            <line number="64" hits="15" branch="True" condition-coverage="50% (2/4)">
              <conditions>
                <condition number="113" type="jump" coverage="50%" />
                <condition number="126" type="jump" coverage="50%" />
              </conditions>
            </line>
            <line number="65" hits="15" branch="True" condition-coverage="50% (1/2)">
              <conditions>
                <condition number="142" type="jump" coverage="50%" />
              </conditions>
            </line>
            <line number="66" hits="15" branch="False" />
            <line number="67" hits="15" branch="False" />
            <line number="68" hits="15" branch="False" />
            <line number="69" hits="15" branch="False" />
            <line number="70" hits="15" branch="False" />
            <line number="71" hits="15" branch="False" />
            <line number="72" hits="15" branch="False" />
            <line number="73" hits="15" branch="False" />
            <line number="74" hits="15" branch="False" />
            <line number="76" hits="15" branch="False" />
            <line number="79" hits="15" branch="True" condition-coverage="100% (4/4)">
              <conditions>
                <condition number="246" type="jump" coverage="100%" />
                <condition number="268" type="jump" coverage="100%" />
              </conditions>
            </line>
            <line number="80" hits="3" branch="False" />
            <line number="81" hits="3" branch="False" />
            <line number="82" hits="3" branch="True" condition-coverage="100% (2/2)">
              <conditions>
                <condition number="289" type="jump" coverage="100%" />
              </conditions>
            </line>
            <line number="83" hits="3" branch="False" />
            <line number="84" hits="3" branch="False" />
            <line number="86" hits="57" branch="True" condition-coverage="100% (2/2)">
              <conditions>
                <condition number="392" type="jump" coverage="100%" />
              </conditions>
            </line>
            <line number="87" hits="6" branch="False" />
            <line number="88" hits="6" branch="False" />
            <line number="89" hits="6" branch="True" condition-coverage="100% (2/2)">
              <conditions>
                <condition number="361" type="jump" coverage="100%" />
              </conditions>
            </line>
            <line number="90" hits="6" branch="False" />
            <line number="91" hits="6" branch="False" />
            <line number="94" hits="45" branch="True" condition-coverage="50% (1/2)">
              <conditions>
                <condition number="439" type="jump" coverage="50%" />
              </conditions>
            </line>
            <line number="95" hits="16" branch="False" />
          </lines>
        </class>
        <class name="Cs2Mermaid.Core.Extractor/RelationComparer" filename="Extractor.cs" line-rate="0.2" branch-rate="0" complexity="9">
          <methods>
            <method name="Equals" signature="(Cs2Mermaid.Core.RelationIR,Cs2Mermaid.Core.RelationIR)" line-rate="0" branch-rate="0" complexity="8">
              <lines>
                <line number="139" hits="0" branch="True" condition-coverage="0% (0/8)">
                  <conditions>
                    <condition number="1" type="jump" coverage="0%" />
                    <condition number="4" type="jump" coverage="0%" />
                    <condition number="23" type="jump" coverage="0%" />
                    <condition number="42" type="jump" coverage="0%" />
                  </conditions>
                </line>
                <line number="140" hits="0" branch="False" />
                <line number="141" hits="0" branch="False" />
                <line number="142" hits="0" branch="False" />
              </lines>
            </method>
            <method name="GetHashCode" signature="(Cs2Mermaid.Core.RelationIR)" line-rate="1" branch-rate="1" complexity="1">
              <lines>
                <line number="145" hits="9" branch="False" />
              </lines>
            </method>
          </methods>
          <lines>
            <line number="139" hits="0" branch="True" condition-coverage="0% (0/8)">
              <conditions>
                <condition number="1" type="jump" coverage="0%" />
                <condition number="4" type="jump" coverage="0%" />
                <condition number="23" type="jump" coverage="0%" />
                <condition number="42" type="jump" coverage="0%" />
              </conditions>
            </line>
            <line number="140" hits="0" branch="False" />
            <line number="141" hits="0" branch="False" />
            <line number="142" hits="0" branch="False" />
            <line number="145" hits="9" branch="False" />
          </lines>
        </class>
        <class name="Cs2Mermaid.Core.Extractor/&lt;&gt;c" filename="Extractor.cs" line-rate="0" branch-rate="1" complexity="1">
          <methods>
            <method name="&lt;LoadAndExtractAsync&gt;b__0_0" signature="(Microsoft.CodeAnalysis.Project)" line-rate="0" branch-rate="1" complexity="1">
              <lines>
                <line number="23" hits="0" branch="False" />
              </lines>
            </method>
          </methods>
          <lines>
            <line number="23" hits="0" branch="False" />
          </lines>
        </class>
        <class name="Cs2Mermaid.Core.Extractor/&lt;ExtractProjectAsync&gt;d__1" filename="Extractor.cs" line-rate="1" branch-rate="0.5" complexity="2">
          <methods>
            <method name="MoveNext" signature="()" line-rate="1" branch-rate="0.5" complexity="2">
              <lines>
                <line number="44" hits="12" branch="False" />
                <line number="45" hits="12" branch="True" condition-coverage="50% (1/2)">
                  <conditions>
                    <condition number="135" type="jump" coverage="50%" />
                  </conditions>
                </line>
                <line number="46" hits="12" branch="False" />
                <line number="48" hits="12" branch="False" />
                <line number="49" hits="12" branch="False" />
                <line number="97" hits="12" branch="False" />
                <line number="100" hits="12" branch="False" />
                <line number="102" hits="12" branch="False" />
                <line number="103" hits="12" branch="False" />
              </lines>
            </method>
          </methods>
          <lines>
            <line number="44" hits="12" branch="False" />
            <line number="45" hits="12" branch="True" condition-coverage="50% (1/2)">
              <conditions>
                <condition number="135" type="jump" coverage="50%" />
              </conditions>
            </line>
            <line number="46" hits="12" branch="False" />
            <line number="48" hits="12" branch="False" />
            <line number="49" hits="12" branch="False" />
            <line number="97" hits="12" branch="False" />
            <line number="100" hits="12" branch="False" />
            <line number="102" hits="12" branch="False" />
            <line number="103" hits="12" branch="False" />
          </lines>
        </class>
        <class name="Cs2Mermaid.Core.Extractor/&lt;LoadAndExtractAsync&gt;d__0" filename="Extractor.cs" line-rate="0.6818000000000001" branch-rate="0.625" complexity="8">
          <methods>
            <method name="MoveNext" signature="()" line-rate="0.6818000000000001" branch-rate="0.625" complexity="8">
              <lines>
                <line number="14" hits="13" branch="True" condition-coverage="100% (2/2)">
                  <conditions>
                    <condition number="16" type="jump" coverage="100%" />
                  </conditions>
                </line>
                <line number="15" hits="13" branch="False" />
                <line number="16" hits="13" branch="False" />
                <line number="18" hits="13" branch="False" />
                <line number="20" hits="13" branch="True" condition-coverage="50% (1/2)">
                  <conditions>
                    <condition number="240" type="jump" coverage="50%" />
                  </conditions>
                </line>
                <line number="21" hits="0" branch="False" />
                <line number="22" hits="0" branch="False" />
                <line number="24" hits="0" branch="False" />
                <line number="25" hits="0" branch="False" />
                <line number="26" hits="0" branch="False" />
                <line number="27" hits="0" branch="False" />
                <line number="28" hits="0" branch="False" />
                <line number="29" hits="13" branch="True" condition-coverage="100% (2/2)">
                  <conditions>
                    <condition number="729" type="jump" coverage="100%" />
                  </conditions>
                </line>
                <line number="30" hits="12" branch="False" />
                <line number="31" hits="12" branch="False" />
                <line number="32" hits="12" branch="False" />
                <line number="33" hits="12" branch="False" />
                <line number="34" hits="12" branch="False" />
                <line number="36" hits="1" branch="False" />
                <line number="37" hits="1" branch="False" />
                <line number="40" hits="12" branch="False" />
                <line number="41" hits="12" branch="False" />
              </lines>
            </method>
          </methods>
          <lines>
            <line number="14" hits="13" branch="True" condition-coverage="100% (2/2)">
              <conditions>
                <condition number="16" type="jump" coverage="100%" />
              </conditions>
            </line>
            <line number="15" hits="13" branch="False" />
            <line number="16" hits="13" branch="False" />
            <line number="18" hits="13" branch="False" />
            <line number="20" hits="13" branch="True" condition-coverage="50% (1/2)">
              <conditions>
                <condition number="240" type="jump" coverage="50%" />
              </conditions>
            </line>
            <line number="21" hits="0" branch="False" />
            <line number="22" hits="0" branch="False" />
            <line number="24" hits="0" branch="False" />
            <line number="25" hits="0" branch="False" />
            <line number="26" hits="0" branch="False" />
            <line number="27" hits="0" branch="False" />
            <line number="28" hits="0" branch="False" />
            <line number="29" hits="13" branch="True" condition-coverage="100% (2/2)">
              <conditions>
                <condition number="729" type="jump" coverage="100%" />
              </conditions>
            </line>
            <line number="30" hits="12" branch="False" />
            <line number="31" hits="12" branch="False" />
            <line number="32" hits="12" branch="False" />
            <line number="33" hits="12" branch="False" />
            <line number="34" hits="12" branch="False" />
            <line number="36" hits="1" branch="False" />
            <line number="37" hits="1" branch="False" />
            <line number="40" hits="12" branch="False" />
            <line number="41" hits="12" branch="False" />
          </lines>
        </class>
        <class name="Cs2Mermaid.Core.MermaidEmitter" filename="MermaidEmitter.cs" line-rate="0.6842" branch-rate="0.7646999999999999" complexity="18">
          <methods>
            <method name="EscapeNs" signature="(System.String)" line-rate="1" branch-rate="1" complexity="1">
              <lines>
                <line number="60" hits="19" branch="False" />
              </lines>
            </method>
            <method name="TailOfDocId" signature="(System.String)" line-rate="0" branch-rate="0" complexity="2">
              <lines>
                <line number="62" hits="0" branch="False" />
                <line number="64" hits="0" branch="True" condition-coverage="0% (0/2)">
                  <conditions>
                    <condition number="12" type="jump" coverage="0%" />
                  </conditions>
                </line>
                <line number="65" hits="0" branch="False" />
                <line number="66" hits="0" branch="False" />
              </lines>
            </method>
            <method name="QualifiedDisplay" signature="(Cs2Mermaid.Core.TypeIR)" line-rate="1" branch-rate="1" complexity="2">
              <lines>
                <line number="69" hits="25" branch="False" />
                <line number="70" hits="25" branch="True" condition-coverage="100% (2/2)">
                  <conditions>
                    <condition number="12" type="jump" coverage="100%" />
                  </conditions>
                </line>
                <line number="71" hits="25" branch="False" />
                <line number="72" hits="25" branch="False" />
              </lines>
            </method>
            <method name="Stereotype" signature="(Cs2Mermaid.Core.TypeKind,System.Boolean,System.Boolean,System.Boolean)" line-rate="0.8" branch-rate="0.8461" complexity="13">
              <lines>
                <line number="74" hits="21" branch="True" condition-coverage="71.42% (5/7)">
                  <conditions>
                    <condition number="7" type="switch" coverage="71.42%" />
                  </conditions>
                </line>
                <line number="75" hits="21" branch="False" />
                <line number="76" hits="2" branch="False" />
                <line number="77" hits="1" branch="False" />
                <line number="78" hits="1" branch="False" />
                <line number="79" hits="0" branch="False" />
                <line number="80" hits="1" branch="False" />
                <line number="81" hits="0" branch="False" />
                <line number="82" hits="16" branch="True" condition-coverage="100% (6/6)">
                  <conditions>
                    <condition number="87" type="jump" coverage="100%" />
                    <condition number="90" type="jump" coverage="100%" />
                    <condition number="93" type="jump" coverage="100%" />
                  </conditions>
                </line>
                <line number="83" hits="21" branch="False" />
              </lines>
            </method>
          </methods>
          <lines>
            <line number="60" hits="19" branch="False" />
            <line number="62" hits="0" branch="False" />
            <line number="64" hits="0" branch="True" condition-coverage="0% (0/2)">
              <conditions>
                <condition number="12" type="jump" coverage="0%" />
              </conditions>
            </line>
            <line number="65" hits="0" branch="False" />
            <line number="66" hits="0" branch="False" />
            <line number="69" hits="25" branch="False" />
            <line number="70" hits="25" branch="True" condition-coverage="100% (2/2)">
              <conditions>
                <condition number="12" type="jump" coverage="100%" />
              </conditions>
            </line>
            <line number="71" hits="25" branch="False" />
            <line number="72" hits="25" branch="False" />
            <line number="74" hits="21" branch="True" condition-coverage="71.42% (5/7)">
              <conditions>
                <condition number="7" type="switch" coverage="71.42%" />
              </conditions>
            </line>
            <line number="75" hits="21" branch="False" />
            <line number="76" hits="2" branch="False" />
            <line number="77" hits="1" branch="False" />
            <line number="78" hits="1" branch="False" />
            <line number="79" hits="0" branch="False" />
            <line number="80" hits="1" branch="False" />
            <line number="81" hits="0" branch="False" />
            <line number="82" hits="16" branch="True" condition-coverage="100% (6/6)">
              <conditions>
                <condition number="87" type="jump" coverage="100%" />
                <condition number="90" type="jump" coverage="100%" />
                <condition number="93" type="jump" coverage="100%" />
              </conditions>
            </line>
            <line number="83" hits="21" branch="False" />
          </lines>
        </class>
        <class name="Cs2Mermaid.Core.MermaidEmitter/&lt;&gt;c" filename="MermaidEmitter.cs" line-rate="1" branch-rate="1" complexity="5">
          <methods>
            <method name="&lt;EmitAsync&gt;b__0_0" signature="(Cs2Mermaid.Core.ProjectIR)" line-rate="1" branch-rate="1" complexity="1">
              <lines>
                <line number="21" hits="36" branch="False" />
              </lines>
            </method>
            <method name="&lt;EmitAsync&gt;b__0_1" signature="(Cs2Mermaid.Core.TypeIR)" line-rate="1" branch-rate="1" complexity="1">
              <lines>
                <line number="22" hits="58" branch="False" />
              </lines>
            </method>
            <method name="&lt;EmitAsync&gt;b__0_5" signature="(Cs2Mermaid.Core.TypeIR)" line-rate="1" branch-rate="1" complexity="1">
              <lines>
                <line number="28" hits="120" branch="False" />
              </lines>
            </method>
            <method name="&lt;EmitAsync&gt;b__0_3" signature="(Cs2Mermaid.Core.TypeIR)" line-rate="1" branch-rate="1" complexity="1">
              <lines>
                <line number="41" hits="60" branch="False" />
              </lines>
            </method>
            <method name="&lt;EmitAsync&gt;b__0_6" signature="(Cs2Mermaid.Core.RelationIR)" line-rate="1" branch-rate="1" complexity="1">
              <lines>
                <line number="44" hits="60" branch="False" />
              </lines>
            </method>
          </methods>
          <lines>
            <line number="21" hits="36" branch="False" />
            <line number="22" hits="58" branch="False" />
            <line number="28" hits="120" branch="False" />
            <line number="41" hits="60" branch="False" />
            <line number="44" hits="60" branch="False" />
          </lines>
        </class>
        <class name="Cs2Mermaid.Core.MermaidEmitter/&lt;EmitAsync&gt;d__0" filename="MermaidEmitter.cs" line-rate="1" branch-rate="0.95" complexity="20">
          <methods>
            <method name="MoveNext" signature="()" line-rate="1" branch-rate="0.95" complexity="20">
              <lines>
                <line number="14" hits="18" branch="False" />
                <line number="15" hits="18" branch="False" />
                <line number="16" hits="18" branch="False" />
                <line number="17" hits="18" branch="True" condition-coverage="100% (2/2)">
                  <conditions>
                    <condition number="62" type="jump" coverage="100%" />
                  </conditions>
                </line>
                <line number="18" hits="18" branch="False" />
                <line number="24" hits="92" branch="True" condition-coverage="100% (2/2)">
                  <conditions>
                    <condition number="851" type="jump" coverage="100%" />
                  </conditions>
                </line>
                <line number="25" hits="19" branch="False" />
                <line number="26" hits="19" branch="True" condition-coverage="100% (2/2)">
                  <conditions>
                    <condition number="322" type="jump" coverage="100%" />
                  </conditions>
                </line>
                <line number="27" hits="19" branch="False" />
                <line number="29" hits="21" branch="False" />
                <line number="30" hits="21" branch="False" />
                <line number="31" hits="21" branch="False" />
                <line number="32" hits="21" branch="True" condition-coverage="100% (2/2)">
                  <conditions>
                    <condition number="587" type="jump" coverage="100%" />
                  </conditions>
                </line>
                <line number="33" hits="13" branch="False" />
                <line number="35" hits="8" branch="False" />
                <line number="36" hits="21" branch="False" />
                <line number="37" hits="19" branch="False" />
                <line number="38" hits="19" branch="False" />
                <line number="42" hits="90" branch="True" condition-coverage="100% (2/2)">
                  <conditions>
                    <condition number="1504" type="jump" coverage="100%" />
                  </conditions>
                </line>
                <line number="43" hits="18" branch="False" />
                <line number="45" hits="2" branch="False" />
                <line number="46" hits="2" branch="True" condition-coverage="100% (2/2)">
                  <conditions>
                    <condition number="1137" type="jump" coverage="100%" />
                  </conditions>
                </line>
                <line number="47" hits="2" branch="False" />
                <line number="48" hits="2" branch="True" condition-coverage="100% (2/2)">
                  <conditions>
                    <condition number="1173" type="jump" coverage="100%" />
                  </conditions>
                </line>
                <line number="50" hits="2" branch="True" condition-coverage="50% (1/2)">
                  <conditions>
                    <condition number="1221" type="jump" coverage="50%" />
                  </conditions>
                </line>
                <line number="51" hits="2" branch="False" />
                <line number="52" hits="2" branch="False" />
                <line number="53" hits="2" branch="False" />
                <line number="54" hits="2" branch="False" />
                <line number="55" hits="18" branch="False" />
                <line number="57" hits="18" branch="False" />
                <line number="58" hits="18" branch="False" />
              </lines>
            </method>
          </methods>
          <lines>
            <line number="14" hits="18" branch="False" />
            <line number="15" hits="18" branch="False" />
            <line number="16" hits="18" branch="False" />
            <line number="17" hits="18" branch="True" condition-coverage="100% (2/2)">
              <conditions>
                <condition number="62" type="jump" coverage="100%" />
              </conditions>
            </line>
            <line number="18" hits="18" branch="False" />
            <line number="24" hits="92" branch="True" condition-coverage="100% (2/2)">
              <conditions>
                <condition number="851" type="jump" coverage="100%" />
              </conditions>
            </line>
            <line number="25" hits="19" branch="False" />
            <line number="26" hits="19" branch="True" condition-coverage="100% (2/2)">
              <conditions>
                <condition number="322" type="jump" coverage="100%" />
              </conditions>
            </line>
            <line number="27" hits="19" branch="False" />
            <line number="29" hits="21" branch="False" />
            <line number="30" hits="21" branch="False" />
            <line number="31" hits="21" branch="False" />
            <line number="32" hits="21" branch="True" condition-coverage="100% (2/2)">
              <conditions>
                <condition number="587" type="jump" coverage="100%" />
              </conditions>
            </line>
            <line number="33" hits="13" branch="False" />
            <line number="35" hits="8" branch="False" />
            <line number="36" hits="21" branch="False" />
            <line number="37" hits="19" branch="False" />
            <line number="38" hits="19" branch="False" />
            <line number="42" hits="90" branch="True" condition-coverage="100% (2/2)">
              <conditions>
                <condition number="1504" type="jump" coverage="100%" />
              </conditions>
            </line>
            <line number="43" hits="18" branch="False" />
            <line number="45" hits="2" branch="False" />
            <line number="46" hits="2" branch="True" condition-coverage="100% (2/2)">
              <conditions>
                <condition number="1137" type="jump" coverage="100%" />
              </conditions>
            </line>
            <line number="47" hits="2" branch="False" />
            <line number="48" hits="2" branch="True" condition-coverage="100% (2/2)">
              <conditions>
                <condition number="1173" type="jump" coverage="100%" />
              </conditions>
            </line>
            <line number="50" hits="2" branch="True" condition-coverage="50% (1/2)">
              <conditions>
                <condition number="1221" type="jump" coverage="50%" />
              </conditions>
            </line>
            <line number="51" hits="2" branch="False" />
            <line number="52" hits="2" branch="False" />
            <line number="53" hits="2" branch="False" />
            <line number="54" hits="2" branch="False" />
            <line number="55" hits="18" branch="False" />
            <line number="57" hits="18" branch="False" />
            <line number="58" hits="18" branch="False" />
          </lines>
        </class>
        <class name="Cs2Mermaid.Core.MermaidEmitter/&lt;FilesEqualAsync&gt;d__6" filename="MermaidEmitter.cs" line-rate="1" branch-rate="0.75" complexity="12">
          <methods>
            <method name="MoveNext" signature="()" line-rate="1" branch-rate="0.75" complexity="12">
              <lines>
                <line number="113" hits="1" branch="False" />
                <line number="114" hits="2" branch="False" />
                <line number="115" hits="1" branch="True" condition-coverage="50% (1/2)">
                  <conditions>
                    <condition number="90" type="jump" coverage="50%" />
                  </conditions>
                </line>
                <line number="117" hits="1" branch="False" />
                <line number="118" hits="1" branch="False" />
                <line number="119" hits="2" branch="False" />
                <line number="121" hits="2" branch="True" condition-coverage="100% (2/2)">
                  <conditions>
                    <condition number="612" type="jump" coverage="100%" />
                  </conditions>
                </line>
                <line number="122" hits="1" branch="False" />
                <line number="123" hits="1" branch="False" />
                <line number="124" hits="1" branch="True" condition-coverage="50% (2/4)">
                  <conditions>
                    <condition number="387" type="jump" coverage="50%" />
                    <condition number="445" type="jump" coverage="50%" />
                  </conditions>
                </line>
                <line number="125" hits="1" branch="False" />
                <line number="126" hits="1" branch="True" condition-coverage="100% (4/4)">
                  <conditions>
                    <condition number="653" type="jump" coverage="100%" />
                    <condition number="870" type="jump" coverage="100%" />
                  </conditions>
                </line>
                <line number="127" hits="1" branch="False" />
              </lines>
            </method>
          </methods>
          <lines>
            <line number="113" hits="1" branch="False" />
            <line number="114" hits="2" branch="False" />
            <line number="115" hits="1" branch="True" condition-coverage="50% (1/2)">
              <conditions>
                <condition number="90" type="jump" coverage="50%" />
              </conditions>
            </line>
            <line number="117" hits="1" branch="False" />
            <line number="118" hits="1" branch="False" />
            <line number="119" hits="2" branch="False" />
            <line number="121" hits="2" branch="True" condition-coverage="100% (2/2)">
              <conditions>
                <condition number="612" type="jump" coverage="100%" />
              </conditions>
            </line>
            <line number="122" hits="1" branch="False" />
            <line number="123" hits="1" branch="False" />
            <line number="124" hits="1" branch="True" condition-coverage="50% (2/4)">
              <conditions>
                <condition number="387" type="jump" coverage="50%" />
                <condition number="445" type="jump" coverage="50%" />
              </conditions>
            </line>
            <line number="125" hits="1" branch="False" />
            <line number="126" hits="1" branch="True" condition-coverage="100% (4/4)">
              <conditions>
                <condition number="653" type="jump" coverage="100%" />
                <condition number="870" type="jump" coverage="100%" />
              </conditions>
            </line>
            <line number="127" hits="1" branch="False" />
          </lines>
        </class>
        <class name="Cs2Mermaid.Core.MermaidEmitter/&lt;WriteIfChangedAsync&gt;d__5" filename="MermaidEmitter.cs" line-rate="0.9411" branch-rate="0.75" complexity="8">
          <methods>
            <method name="MoveNext" signature="()" line-rate="0.9411" branch-rate="0.75" complexity="8">
              <lines>
                <line number="87" hits="18" branch="False" />
                <line number="88" hits="18" branch="False" />
                <line number="90" hits="18" branch="False" />
                <line number="91" hits="18" branch="False" />
                <line number="93" hits="18" branch="True" condition-coverage="100% (4/4)">
                  <conditions>
                    <condition number="222" type="jump" coverage="100%" />
                    <condition number="368" type="jump" coverage="100%" />
                  </conditions>
                </line>
                <line number="94" hits="1" branch="False" />
                <line number="95" hits="1" branch="False" />
                <line number="96" hits="1" branch="False" />
                <line number="100" hits="17" branch="False" />
                <line number="101" hits="17" branch="True" condition-coverage="50% (1/2)">
                  <conditions>
                    <condition number="399" type="jump" coverage="50%" />
                  </conditions>
                </line>
                <line number="102" hits="0" branch="False" />
                <line number="104" hits="17" branch="False" />
                <line number="105" hits="17" branch="False" />
                <line number="107" hits="17" branch="False" />
                <line number="108" hits="17" branch="True" condition-coverage="50% (1/2)">
                  <conditions>
                    <condition number="465" type="jump" coverage="50%" />
                  </conditions>
                </line>
                <line number="109" hits="17" branch="False" />
                <line number="110" hits="18" branch="False" />
              </lines>
            </method>
          </methods>
          <lines>
            <line number="87" hits="18" branch="False" />
            <line number="88" hits="18" branch="False" />
            <line number="90" hits="18" branch="False" />
            <line number="91" hits="18" branch="False" />
            <line number="93" hits="18" branch="True" condition-coverage="100% (4/4)">
              <conditions>
                <condition number="222" type="jump" coverage="100%" />
                <condition number="368" type="jump" coverage="100%" />
              </conditions>
            </line>
            <line number="94" hits="1" branch="False" />
            <line number="95" hits="1" branch="False" />
            <line number="96" hits="1" branch="False" />
            <line number="100" hits="17" branch="False" />
            <line number="101" hits="17" branch="True" condition-coverage="50% (1/2)">
              <conditions>
                <condition number="399" type="jump" coverage="50%" />
              </conditions>
            </line>
            <line number="102" hits="0" branch="False" />
            <line number="104" hits="17" branch="False" />
            <line number="105" hits="17" branch="False" />
            <line number="107" hits="17" branch="False" />
            <line number="108" hits="17" branch="True" condition-coverage="50% (1/2)">
              <conditions>
                <condition number="465" type="jump" coverage="50%" />
              </conditions>
            </line>
            <line number="109" hits="17" branch="False" />
            <line number="110" hits="18" branch="False" />
          </lines>
        </class>
        <class name="Cs2Mermaid.Core.TypeIR" filename="Model.cs" line-rate="1" branch-rate="1" complexity="3">
          <methods>
            <method name="get_DocId" signature="()" line-rate="1" branch-rate="1" complexity="1">
              <lines>
                <line number="9" hits="191" branch="False" />
              </lines>
            </method>
            <method name="get_Accessibility" signature="()" line-rate="1" branch-rate="1" complexity="1">
              <lines>
                <line number="10" hits="124" branch="False" />
              </lines>
            </method>
            <method name=".ctor" signature="(System.String,System.String,System.String,Cs2Mermaid.Core.TypeKind,System.String,System.Boolean,System.Boolean,System.Boolean)" line-rate="1" branch-rate="1" complexity="1">
              <lines>
                <line number="8" hits="48" branch="False" />
              </lines>
            </method>
          </methods>
          <lines>
            <line number="9" hits="191" branch="False" />
            <line number="10" hits="124" branch="False" />
            <line number="8" hits="48" branch="False" />
          </lines>
        </class>
        <class name="Cs2Mermaid.Core.RelationIR" filename="Model.cs" line-rate="1" branch-rate="1" complexity="1">
          <methods>
            <method name="get_FromDocId" signature="()" line-rate="1" branch-rate="1" complexity="1">
              <lines>
                <line number="14" hits="61" branch="False" />
              </lines>
            </method>
          </methods>
          <lines>
            <line number="14" hits="61" branch="False" />
          </lines>
        </class>
        <class name="Cs2Mermaid.Core.ProjectIR" filename="Model.cs" line-rate="1" branch-rate="1" complexity="1">
          <methods>
            <method name="get_Name" signature="()" line-rate="1" branch-rate="1" complexity="1">
              <lines>
                <line number="16" hits="83" branch="False" />
              </lines>
            </method>
          </methods>
          <lines>
            <line number="16" hits="83" branch="False" />
          </lines>
        </class>
        <class name="Cs2Mermaid.Core.SolutionIR" filename="Model.cs" line-rate="1" branch-rate="1" complexity="1">
          <methods>
            <method name="get_Projects" signature="()" line-rate="1" branch-rate="1" complexity="1">
              <lines>
                <line number="18" hits="80" branch="False" />
              </lines>
            </method>
          </methods>
          <lines>
            <line number="18" hits="80" branch="False" />
          </lines>
        </class>
        <class name="Cs2Mermaid.Core.WorkspaceLoader" filename="WorkspaceLoader.cs" line-rate="0.7142000000000001" branch-rate="1" complexity="5">
          <methods>
            <method name="EnsureMsbuildRegistered" signature="()" line-rate="0.6363" branch-rate="1" complexity="2">
              <lines>
                <line number="15" hits="14" branch="False" />
                <line number="16" hits="26" branch="True" condition-coverage="100% (2/2)">
                  <conditions>
                    <condition number="10" type="jump" coverage="100%" />
                  </conditions>
                </line>
                <line number="18" hits="2" branch="False" />
                <line number="19" hits="2" branch="False" />
                <line number="20" hits="2" branch="False" />
                <line number="21" hits="2" branch="False" />
                <line number="22" hits="0" branch="False" />
                <line number="23" hits="0" branch="False" />
                <line number="25" hits="0" branch="False" />
                <line number="26" hits="0" branch="False" />
                <line number="27" hits="14" branch="False" />
              </lines>
            </method>
            <method name="IsSolution" signature="(System.String)" line-rate="1" branch-rate="1" complexity="1">
              <lines>
                <line number="47" hits="17" branch="False" />
              </lines>
            </method>
            <method name="IsProject" signature="(System.String)" line-rate="1" branch-rate="1" complexity="1">
              <lines>
                <line number="48" hits="17" branch="False" />
              </lines>
            </method>
            <method name="EnsureFullPath" signature="(System.String)" line-rate="1" branch-rate="1" complexity="1">
              <lines>
                <line number="50" hits="15" branch="False" />
              </lines>
            </method>
          </methods>
          <lines>
            <line number="15" hits="14" branch="False" />
            <line number="16" hits="26" branch="True" condition-coverage="100% (2/2)">
              <conditions>
                <condition number="10" type="jump" coverage="100%" />
              </conditions>
            </line>
            <line number="18" hits="2" branch="False" />
            <line number="19" hits="2" branch="False" />
            <line number="20" hits="2" branch="False" />
            <line number="21" hits="2" branch="False" />
            <line number="22" hits="0" branch="False" />
            <line number="23" hits="0" branch="False" />
            <line number="25" hits="0" branch="False" />
            <line number="26" hits="0" branch="False" />
            <line number="27" hits="14" branch="False" />
            <line number="47" hits="17" branch="False" />
            <line number="48" hits="17" branch="False" />
            <line number="50" hits="15" branch="False" />
          </lines>
        </class>
        <class name="Cs2Mermaid.Core.WorkspaceLoader/&lt;&gt;c" filename="WorkspaceLoader.cs" line-rate="0.25" branch-rate="0" complexity="2">
          <methods>
            <method name="&lt;CreateWorkspaceAsync&gt;b__2_0" signature="(System.Object,Microsoft.CodeAnalysis.WorkspaceDiagnosticEventArgs)" line-rate="0.25" branch-rate="0" complexity="2">
              <lines>
                <line number="38" hits="0" branch="False" />
                <line number="40" hits="0" branch="True" condition-coverage="0% (0/2)">
                  <conditions>
                    <condition number="17" type="jump" coverage="0%" />
                  </conditions>
                </line>
                <line number="41" hits="0" branch="False" />
                <line number="42" hits="14" branch="False" />
              </lines>
            </method>
          </methods>
          <lines>
            <line number="38" hits="0" branch="False" />
            <line number="40" hits="0" branch="True" condition-coverage="0% (0/2)">
              <conditions>
                <condition number="17" type="jump" coverage="0%" />
              </conditions>
            </line>
            <line number="41" hits="0" branch="False" />
            <line number="42" hits="14" branch="False" />
          </lines>
        </class>
        <class name="Cs2Mermaid.Core.WorkspaceLoader/&lt;CreateWorkspaceAsync&gt;d__2" filename="WorkspaceLoader.cs" line-rate="1" branch-rate="1" complexity="2">
          <methods>
            <method name="MoveNext" signature="()" line-rate="1" branch-rate="1" complexity="2">
              <lines>
                <line number="30" hits="14" branch="False" />
                <line number="31" hits="14" branch="False" />
                <line number="32" hits="14" branch="False" />
                <line number="33" hits="14" branch="False" />
                <line number="34" hits="14" branch="False" />
                <line number="35" hits="14" branch="False" />
                <line number="36" hits="14" branch="False" />
                <line number="37" hits="14" branch="False" />
                <line number="39" hits="14" branch="False" />
                <line number="43" hits="14" branch="True" condition-coverage="100% (2/2)">
                  <conditions>
                    <condition number="133" type="jump" coverage="100%" />
                  </conditions>
                </line>
                <line number="44" hits="14" branch="False" />
                <line number="45" hits="14" branch="False" />
              </lines>
            </method>
          </methods>
          <lines>
            <line number="30" hits="14" branch="False" />
            <line number="31" hits="14" branch="False" />
            <line number="32" hits="14" branch="False" />
            <line number="33" hits="14" branch="False" />
            <line number="34" hits="14" branch="False" />
            <line number="35" hits="14" branch="False" />
            <line number="36" hits="14" branch="False" />
            <line number="37" hits="14" branch="False" />
            <line number="39" hits="14" branch="False" />
            <line number="43" hits="14" branch="True" condition-coverage="100% (2/2)">
              <conditions>
                <condition number="133" type="jump" coverage="100%" />
              </conditions>
            </line>
            <line number="44" hits="14" branch="False" />
            <line number="45" hits="14" branch="False" />
          </lines>
        </class>
      </classes>
    </package>
  </packages>
</coverage>